[2026-05-26T20:56:13.429+0000] {local_task_job_runner.py:120} INFO - ::group::Pre task execution logs
[2026-05-26T20:56:13.518+0000] {taskinstance.py:2076} INFO - Dependencies all met for dep_context=non-requeueable deps ti=<TaskInstance: flight_ops_medallion_pipeline.bronze_ingest scheduled__2026-05-26T20:00:00+00:00 [queued]>
[2026-05-26T20:56:13.531+0000] {taskinstance.py:2076} INFO - Dependencies all met for dep_context=requeueable deps ti=<TaskInstance: flight_ops_medallion_pipeline.bronze_ingest scheduled__2026-05-26T20:00:00+00:00 [queued]>
[2026-05-26T20:56:13.533+0000] {taskinstance.py:2306} INFO - Starting attempt 1 of 2
[2026-05-26T20:56:13.550+0000] {taskinstance.py:2330} INFO - Executing <Task(PythonOperator): bronze_ingest> on 2026-05-26 20:00:00+00:00
[2026-05-26T20:56:13.559+0000] {standard_task_runner.py:64} INFO - Started process 90 to run task
[2026-05-26T20:56:13.565+0000] {standard_task_runner.py:90} INFO - Running: ['***', 'tasks', 'run', 'flight_ops_medallion_pipeline', 'bronze_ingest', 'scheduled__2026-05-26T20:00:00+00:00', '--job-id', '10', '--raw', '--subdir', 'DAGS_FOLDER/flight_pipeline.py', '--cfg-path', '/tmp/tmph06urr8t']
[2026-05-26T20:56:13.570+0000] {standard_task_runner.py:91} INFO - Job 10: Subtask bronze_ingest
[2026-05-26T20:56:13.685+0000] {task_command.py:426} INFO - Running <TaskInstance: flight_ops_medallion_pipeline.bronze_ingest scheduled__2026-05-26T20:00:00+00:00 [running]> on host 8a16eb1c1007
[2026-05-26T20:56:13.849+0000] {taskinstance.py:2648} INFO - Exporting env vars: AIRFLOW_CTX_DAG_OWNER='***' AIRFLOW_CTX_DAG_ID='flight_ops_medallion_pipeline' AIRFLOW_CTX_TASK_ID='bronze_ingest' AIRFLOW_CTX_EXECUTION_DATE='2026-05-26T20:00:00+00:00' AIRFLOW_CTX_TRY_NUMBER='1' AIRFLOW_CTX_DAG_RUN_ID='scheduled__2026-05-26T20:00:00+00:00'
[2026-05-26T20:56:13.850+0000] {taskinstance.py:430} INFO - ::endgroup::
[2026-05-26T20:56:15.094+0000] {taskinstance.py:441} INFO - ::group::Post task execution logs
[2026-05-26T20:56:15.096+0000] {taskinstance.py:2905} ERROR - Task failed with exception
Traceback (most recent call last):
  File "/home/airflow/.local/lib/python3.12/site-packages/airflow/models/taskinstance.py", line 465, in _execute_task
    result = _execute_callable(context=context, **execute_callable_kwargs)
             ^^^^^^^^^^^^^^^^^^^^^^^^^^^^^^^^^^^^^^^^^^^^^^^^^^^^^^^^^^^^^
  File "/home/airflow/.local/lib/python3.12/site-packages/airflow/models/taskinstance.py", line 432, in _execute_callable
    return execute_callable(context=context, **execute_callable_kwargs)
           ^^^^^^^^^^^^^^^^^^^^^^^^^^^^^^^^^^^^^^^^^^^^^^^^^^^^^^^^^^^^
  File "/home/airflow/.local/lib/python3.12/site-packages/airflow/models/baseoperator.py", line 401, in wrapper
    return func(self, *args, **kwargs)
           ^^^^^^^^^^^^^^^^^^^^^^^^^^^
  File "/home/airflow/.local/lib/python3.12/site-packages/airflow/operators/python.py", line 235, in execute
    return_value = self.execute_callable()
                   ^^^^^^^^^^^^^^^^^^^^^^^
  File "/home/airflow/.local/lib/python3.12/site-packages/airflow/operators/python.py", line 252, in execute_callable
    return self.python_callable(*self.op_args, **self.op_kwargs)
           ^^^^^^^^^^^^^^^^^^^^^^^^^^^^^^^^^^^^^^^^^^^^^^^^^^^^^
  File "/opt/airflow/scripts/bronze_ingest.py", line 14, in run_bronze_ingestion
    path = path(f"opt/airflow/data/bronze/flights_{timestamp}.json")
           ^^^^
UnboundLocalError: cannot access local variable 'path' where it is not associated with a value
[2026-05-26T20:56:15.129+0000] {taskinstance.py:1206} INFO - Marking task as UP_FOR_RETRY. dag_id=flight_ops_medallion_pipeline, task_id=bronze_ingest, run_id=scheduled__2026-05-26T20:00:00+00:00, execution_date=20260526T200000, start_date=20260526T205613, end_date=20260526T205615
[2026-05-26T20:56:15.159+0000] {standard_task_runner.py:110} ERROR - Failed to execute job 10 for task bronze_ingest (cannot access local variable 'path' where it is not associated with a value; 90)
[2026-05-26T20:56:15.188+0000] {local_task_job_runner.py:243} INFO - Task exited with return code 1
[2026-05-26T20:56:15.229+0000] {taskinstance.py:3503} INFO - 0 downstream tasks scheduled from follow-on schedule check
[2026-05-26T20:56:15.232+0000] {local_task_job_runner.py:222} INFO - ::endgroup::
