[2026-05-26T21:00:05.816+0000] {local_task_job_runner.py:120} INFO - ::group::Pre task execution logs
[2026-05-26T21:00:05.855+0000] {taskinstance.py:2076} INFO - Dependencies all met for dep_context=non-requeueable deps ti=<TaskInstance: flight_ops_medallion_pipeline.bronze_ingest scheduled__2026-05-26T20:30:00+00:00 [queued]>
[2026-05-26T21:00:05.866+0000] {taskinstance.py:2076} INFO - Dependencies all met for dep_context=requeueable deps ti=<TaskInstance: flight_ops_medallion_pipeline.bronze_ingest scheduled__2026-05-26T20:30:00+00:00 [queued]>
[2026-05-26T21:00:05.868+0000] {taskinstance.py:2306} INFO - Starting attempt 1 of 2
[2026-05-26T21:00:05.885+0000] {taskinstance.py:2330} INFO - Executing <Task(PythonOperator): bronze_ingest> on 2026-05-26 20:30:00+00:00
[2026-05-26T21:00:05.892+0000] {standard_task_runner.py:64} INFO - Started process 148 to run task
[2026-05-26T21:00:05.896+0000] {standard_task_runner.py:90} INFO - Running: ['***', 'tasks', 'run', 'flight_ops_medallion_pipeline', 'bronze_ingest', 'scheduled__2026-05-26T20:30:00+00:00', '--job-id', '13', '--raw', '--subdir', 'DAGS_FOLDER/flight_pipeline.py', '--cfg-path', '/tmp/tmpfufq4bd0']
[2026-05-26T21:00:05.899+0000] {standard_task_runner.py:91} INFO - Job 13: Subtask bronze_ingest
[2026-05-26T21:00:05.978+0000] {task_command.py:426} INFO - Running <TaskInstance: flight_ops_medallion_pipeline.bronze_ingest scheduled__2026-05-26T20:30:00+00:00 [running]> on host 8a16eb1c1007
[2026-05-26T21:00:06.117+0000] {taskinstance.py:2648} INFO - Exporting env vars: AIRFLOW_CTX_DAG_OWNER='***' AIRFLOW_CTX_DAG_ID='flight_ops_medallion_pipeline' AIRFLOW_CTX_TASK_ID='bronze_ingest' AIRFLOW_CTX_EXECUTION_DATE='2026-05-26T20:30:00+00:00' AIRFLOW_CTX_TRY_NUMBER='1' AIRFLOW_CTX_DAG_RUN_ID='scheduled__2026-05-26T20:30:00+00:00'
[2026-05-26T21:00:06.119+0000] {taskinstance.py:430} INFO - ::endgroup::
[2026-05-26T21:00:06.778+0000] {taskinstance.py:441} INFO - ::group::Post task execution logs
[2026-05-26T21:00:06.779+0000] {taskinstance.py:2905} ERROR - Task failed with exception
Traceback (most recent call last):
  File "/home/airflow/.local/lib/python3.12/site-packages/airflow/models/taskinstance.py", line 465, in _execute_task
    result = _execute_callable(context=context, **execute_callable_kwargs)
             ^^^^^^^^^^^^^^^^^^^^^^^^^^^^^^^^^^^^^^^^^^^^^^^^^^^^^^^^^^^^^
  File "/home/airflow/.local/lib/python3.12/site-packages/airflow/models/taskinstance.py", line 432, in _execute_callable
    return execute_callable(context=context, **execute_callable_kwargs)
           ^^^^^^^^^^^^^^^^^^^^^^^^^^^^^^^^^^^^^^^^^^^^^^^^^^^^^^^^^^^^
  File "/home/airflow/.local/lib/python3.12/site-packages/airflow/models/baseoperator.py", line 401, in wrapper
    return func(self, *args, **kwargs)
           ^^^^^^^^^^^^^^^^^^^^^^^^^^^
  File "/home/airflow/.local/lib/python3.12/site-packages/airflow/operators/python.py", line 235, in execute
    return_value = self.execute_callable()
                   ^^^^^^^^^^^^^^^^^^^^^^^
  File "/home/airflow/.local/lib/python3.12/site-packages/airflow/operators/python.py", line 252, in execute_callable
    return self.python_callable(*self.op_args, **self.op_kwargs)
           ^^^^^^^^^^^^^^^^^^^^^^^^^^^^^^^^^^^^^^^^^^^^^^^^^^^^^
  File "/opt/airflow/scripts/bronze_ingest.py", line 16, in run_bronze_ingestion
    with open(path, "w") as f:
         ^^^^^^^^^^^^^^^
FileNotFoundError: [Errno 2] No such file or directory: 'opt/airflow/data/bronze/flights_26052026210006.json'
[2026-05-26T21:00:06.804+0000] {taskinstance.py:1206} INFO - Marking task as UP_FOR_RETRY. dag_id=flight_ops_medallion_pipeline, task_id=bronze_ingest, run_id=scheduled__2026-05-26T20:30:00+00:00, execution_date=20260526T203000, start_date=20260526T210005, end_date=20260526T210006
[2026-05-26T21:00:07.129+0000] {standard_task_runner.py:110} ERROR - Failed to execute job 13 for task bronze_ingest ([Errno 2] No such file or directory: 'opt/airflow/data/bronze/flights_26052026210006.json'; 148)
[2026-05-26T21:00:07.157+0000] {local_task_job_runner.py:243} INFO - Task exited with return code 1
[2026-05-26T21:00:07.197+0000] {taskinstance.py:3503} INFO - 0 downstream tasks scheduled from follow-on schedule check
[2026-05-26T21:00:07.204+0000] {local_task_job_runner.py:222} INFO - ::endgroup::
