[2026-05-27T09:31:11.001+0000] {local_task_job_runner.py:120} INFO - ::group::Pre task execution logs
[2026-05-27T09:31:11.055+0000] {taskinstance.py:2076} INFO - Dependencies all met for dep_context=non-requeueable deps ti=<TaskInstance: flight_ops_medallion_pipeline.silver_transform manual__2026-05-27T09:30:55.654217+00:00 [queued]>
[2026-05-27T09:31:11.073+0000] {taskinstance.py:2076} INFO - Dependencies all met for dep_context=requeueable deps ti=<TaskInstance: flight_ops_medallion_pipeline.silver_transform manual__2026-05-27T09:30:55.654217+00:00 [queued]>
[2026-05-27T09:31:11.076+0000] {taskinstance.py:2306} INFO - Starting attempt 1 of 1
[2026-05-27T09:31:11.108+0000] {taskinstance.py:2330} INFO - Executing <Task(PythonOperator): silver_transform> on 2026-05-27 09:30:55.654217+00:00
[2026-05-27T09:31:11.137+0000] {standard_task_runner.py:90} INFO - Running: ['***', 'tasks', 'run', 'flight_ops_medallion_pipeline', 'silver_transform', 'manual__2026-05-27T09:30:55.654217+00:00', '--job-id', '31', '--raw', '--subdir', 'DAGS_FOLDER/flight_pipeline.py', '--cfg-path', '/tmp/tmp5vd6ok2w']
[2026-05-27T09:31:11.146+0000] {standard_task_runner.py:91} INFO - Job 31: Subtask silver_transform
[2026-05-27T09:31:11.147+0000] {logging_mixin.py:188} WARNING - /home/***/.local/lib/python3.12/site-packages/***/task/task_runner/standard_task_runner.py:62 DeprecationWarning: This process (pid=137) is multi-threaded, use of fork() may lead to deadlocks in the child.
[2026-05-27T09:31:11.148+0000] {standard_task_runner.py:64} INFO - Started process 154 to run task
[2026-05-27T09:31:11.267+0000] {task_command.py:426} INFO - Running <TaskInstance: flight_ops_medallion_pipeline.silver_transform manual__2026-05-27T09:30:55.654217+00:00 [running]> on host f59e62180610
[2026-05-27T09:31:11.437+0000] {taskinstance.py:2648} INFO - Exporting env vars: AIRFLOW_CTX_DAG_OWNER='***' AIRFLOW_CTX_DAG_ID='flight_ops_medallion_pipeline' AIRFLOW_CTX_TASK_ID='silver_transform' AIRFLOW_CTX_EXECUTION_DATE='2026-05-27T09:30:55.654217+00:00' AIRFLOW_CTX_TRY_NUMBER='1' AIRFLOW_CTX_DAG_RUN_ID='manual__2026-05-27T09:30:55.654217+00:00'
[2026-05-27T09:31:11.439+0000] {taskinstance.py:430} INFO - ::endgroup::
[2026-05-27T09:31:11.574+0000] {logging_mixin.py:188} WARNING - /opt/***/scripts/silver_transform.py:18 UserWarning: Pandas doesn't allow columns to be created via a new attribute name - see https://pandas.pydata.org/pandas-docs/stable/indexing.html#attribute-access
[2026-05-27T09:31:11.595+0000] {taskinstance.py:441} INFO - ::group::Post task execution logs
[2026-05-27T09:31:11.597+0000] {taskinstance.py:2905} ERROR - Task failed with exception
Traceback (most recent call last):
  File "/home/airflow/.local/lib/python3.12/site-packages/airflow/models/taskinstance.py", line 465, in _execute_task
    result = _execute_callable(context=context, **execute_callable_kwargs)
             ^^^^^^^^^^^^^^^^^^^^^^^^^^^^^^^^^^^^^^^^^^^^^^^^^^^^^^^^^^^^^
  File "/home/airflow/.local/lib/python3.12/site-packages/airflow/models/taskinstance.py", line 432, in _execute_callable
    return execute_callable(context=context, **execute_callable_kwargs)
           ^^^^^^^^^^^^^^^^^^^^^^^^^^^^^^^^^^^^^^^^^^^^^^^^^^^^^^^^^^^^
  File "/home/airflow/.local/lib/python3.12/site-packages/airflow/models/baseoperator.py", line 401, in wrapper
    return func(self, *args, **kwargs)
           ^^^^^^^^^^^^^^^^^^^^^^^^^^^
  File "/home/airflow/.local/lib/python3.12/site-packages/airflow/operators/python.py", line 235, in execute
    return_value = self.execute_callable()
                   ^^^^^^^^^^^^^^^^^^^^^^^
  File "/home/airflow/.local/lib/python3.12/site-packages/airflow/operators/python.py", line 252, in execute_callable
    return self.python_callable(*self.op_args, **self.op_kwargs)
           ^^^^^^^^^^^^^^^^^^^^^^^^^^^^^^^^^^^^^^^^^^^^^^^^^^^^^
  File "/opt/airflow/scripts/silver_transform.py", line 22, in run_silver_transform
    df = df_raw[
         ^^^^^^^
  File "/home/airflow/.local/lib/python3.12/site-packages/pandas/core/frame.py", line 3899, in __getitem__
    indexer = self.columns._get_indexer_strict(key, "columns")[1]
              ^^^^^^^^^^^^^^^^^^^^^^^^^^^^^^^^^^^^^^^^^^^^^^^^
  File "/home/airflow/.local/lib/python3.12/site-packages/pandas/core/indexes/base.py", line 6115, in _get_indexer_strict
    self._raise_if_missing(keyarr, indexer, axis_name)
  File "/home/airflow/.local/lib/python3.12/site-packages/pandas/core/indexes/base.py", line 6176, in _raise_if_missing
    raise KeyError(f"None of [{key}] are in the [{axis_name}]")
KeyError: "None of [Index(['icao24', 'origin_country', 'velocity', 'geo_altitude'], dtype='object')] are in the [columns]"
[2026-05-27T09:31:11.637+0000] {taskinstance.py:1206} INFO - Marking task as FAILED. dag_id=flight_ops_medallion_pipeline, task_id=silver_transform, run_id=manual__2026-05-27T09:30:55.654217+00:00, execution_date=20260527T093055, start_date=20260527T093111, end_date=20260527T093111
[2026-05-27T09:31:11.660+0000] {standard_task_runner.py:110} ERROR - Failed to execute job 31 for task silver_transform ("None of [Index(['icao24', 'origin_country', 'velocity', 'geo_altitude'], dtype='object')] are in the [columns]"; 154)
[2026-05-27T09:31:11.688+0000] {local_task_job_runner.py:243} INFO - Task exited with return code 1
[2026-05-27T09:31:11.727+0000] {taskinstance.py:3503} INFO - 0 downstream tasks scheduled from follow-on schedule check
[2026-05-27T09:31:11.732+0000] {local_task_job_runner.py:222} INFO - ::endgroup::
