[2026-05-27T09:33:41.385+0000] {local_task_job_runner.py:120} INFO - ::group::Pre task execution logs
[2026-05-27T09:33:41.433+0000] {taskinstance.py:2076} INFO - Dependencies all met for dep_context=non-requeueable deps ti=<TaskInstance: flight_ops_medallion_pipeline.silver_transform manual__2026-05-27T09:33:26.337761+00:00 [queued]>
[2026-05-27T09:33:41.445+0000] {taskinstance.py:2076} INFO - Dependencies all met for dep_context=requeueable deps ti=<TaskInstance: flight_ops_medallion_pipeline.silver_transform manual__2026-05-27T09:33:26.337761+00:00 [queued]>
[2026-05-27T09:33:41.448+0000] {taskinstance.py:2306} INFO - Starting attempt 1 of 1
[2026-05-27T09:33:41.470+0000] {taskinstance.py:2330} INFO - Executing <Task(PythonOperator): silver_transform> on 2026-05-27 09:33:26.337761+00:00
[2026-05-27T09:33:41.488+0000] {standard_task_runner.py:90} INFO - Running: ['***', 'tasks', 'run', 'flight_ops_medallion_pipeline', 'silver_transform', 'manual__2026-05-27T09:33:26.337761+00:00', '--job-id', '35', '--raw', '--subdir', 'DAGS_FOLDER/flight_pipeline.py', '--cfg-path', '/tmp/tmpxndie3vv']
[2026-05-27T09:33:41.499+0000] {standard_task_runner.py:91} INFO - Job 35: Subtask silver_transform
[2026-05-27T09:33:41.499+0000] {logging_mixin.py:188} WARNING - /home/***/.local/lib/python3.12/site-packages/***/task/task_runner/standard_task_runner.py:62 DeprecationWarning: This process (pid=219) is multi-threaded, use of fork() may lead to deadlocks in the child.
[2026-05-27T09:33:41.501+0000] {standard_task_runner.py:64} INFO - Started process 236 to run task
[2026-05-27T09:33:41.614+0000] {task_command.py:426} INFO - Running <TaskInstance: flight_ops_medallion_pipeline.silver_transform manual__2026-05-27T09:33:26.337761+00:00 [running]> on host f59e62180610
[2026-05-27T09:33:41.752+0000] {taskinstance.py:2648} INFO - Exporting env vars: AIRFLOW_CTX_DAG_OWNER='***' AIRFLOW_CTX_DAG_ID='flight_ops_medallion_pipeline' AIRFLOW_CTX_TASK_ID='silver_transform' AIRFLOW_CTX_EXECUTION_DATE='2026-05-27T09:33:26.337761+00:00' AIRFLOW_CTX_TRY_NUMBER='1' AIRFLOW_CTX_DAG_RUN_ID='manual__2026-05-27T09:33:26.337761+00:00'
[2026-05-27T09:33:41.754+0000] {taskinstance.py:430} INFO - ::endgroup::
[2026-05-27T09:33:41.958+0000] {taskinstance.py:441} INFO - ::group::Post task execution logs
[2026-05-27T09:33:41.959+0000] {taskinstance.py:2905} ERROR - Task failed with exception
Traceback (most recent call last):
  File "/home/airflow/.local/lib/python3.12/site-packages/sqlalchemy/engine/base.py", line 1910, in _execute_context
    self.dialect.do_execute(
  File "/home/airflow/.local/lib/python3.12/site-packages/sqlalchemy/engine/default.py", line 736, in do_execute
    cursor.execute(statement, parameters)
psycopg2.ProgrammingError: can't adapt type 'PosixPath'

The above exception was the direct cause of the following exception:

Traceback (most recent call last):
  File "/home/airflow/.local/lib/python3.12/site-packages/airflow/models/taskinstance.py", line 465, in _execute_task
    result = _execute_callable(context=context, **execute_callable_kwargs)
             ^^^^^^^^^^^^^^^^^^^^^^^^^^^^^^^^^^^^^^^^^^^^^^^^^^^^^^^^^^^^^
  File "/home/airflow/.local/lib/python3.12/site-packages/airflow/models/taskinstance.py", line 432, in _execute_callable
    return execute_callable(context=context, **execute_callable_kwargs)
           ^^^^^^^^^^^^^^^^^^^^^^^^^^^^^^^^^^^^^^^^^^^^^^^^^^^^^^^^^^^^
  File "/home/airflow/.local/lib/python3.12/site-packages/airflow/models/baseoperator.py", line 401, in wrapper
    return func(self, *args, **kwargs)
           ^^^^^^^^^^^^^^^^^^^^^^^^^^^
  File "/home/airflow/.local/lib/python3.12/site-packages/airflow/operators/python.py", line 235, in execute
    return_value = self.execute_callable()
                   ^^^^^^^^^^^^^^^^^^^^^^^
  File "/home/airflow/.local/lib/python3.12/site-packages/airflow/operators/python.py", line 252, in execute_callable
    return self.python_callable(*self.op_args, **self.op_kwargs)
           ^^^^^^^^^^^^^^^^^^^^^^^^^^^^^^^^^^^^^^^^^^^^^^^^^^^^^
  File "/opt/airflow/scripts/silver_transform.py", line 29, in run_silver_transform
    kwargs['ti'].xcom_push(key=silver_path, value=str(output_file))
  File "/home/airflow/.local/lib/python3.12/site-packages/airflow/utils/session.py", line 79, in wrapper
    return func(*args, session=session, **kwargs)
           ^^^^^^^^^^^^^^^^^^^^^^^^^^^^^^^^^^^^^^
  File "/home/airflow/.local/lib/python3.12/site-packages/airflow/models/taskinstance.py", line 3197, in xcom_push
    XCom.set(
  File "/home/airflow/.local/lib/python3.12/site-packages/airflow/utils/session.py", line 76, in wrapper
    return func(*args, **kwargs)
           ^^^^^^^^^^^^^^^^^^^^^
  File "/home/airflow/.local/lib/python3.12/site-packages/airflow/models/xcom.py", line 256, in set
    session.execute(
  File "/home/airflow/.local/lib/python3.12/site-packages/sqlalchemy/orm/session.py", line 1717, in execute
    result = conn._execute_20(statement, params or {}, execution_options)
             ^^^^^^^^^^^^^^^^^^^^^^^^^^^^^^^^^^^^^^^^^^^^^^^^^^^^^^^^^^^^
  File "/home/airflow/.local/lib/python3.12/site-packages/sqlalchemy/engine/base.py", line 1710, in _execute_20
    return meth(self, args_10style, kwargs_10style, execution_options)
           ^^^^^^^^^^^^^^^^^^^^^^^^^^^^^^^^^^^^^^^^^^^^^^^^^^^^^^^^^^^
  File "/home/airflow/.local/lib/python3.12/site-packages/sqlalchemy/sql/elements.py", line 334, in _execute_on_connection
    return connection._execute_clauseelement(
           ^^^^^^^^^^^^^^^^^^^^^^^^^^^^^^^^^^
  File "/home/airflow/.local/lib/python3.12/site-packages/sqlalchemy/engine/base.py", line 1577, in _execute_clauseelement
    ret = self._execute_context(
          ^^^^^^^^^^^^^^^^^^^^^^
  File "/home/airflow/.local/lib/python3.12/site-packages/sqlalchemy/engine/base.py", line 1953, in _execute_context
    self._handle_dbapi_exception(
  File "/home/airflow/.local/lib/python3.12/site-packages/sqlalchemy/engine/base.py", line 2134, in _handle_dbapi_exception
    util.raise_(
  File "/home/airflow/.local/lib/python3.12/site-packages/sqlalchemy/util/compat.py", line 211, in raise_
    raise exception
  File "/home/airflow/.local/lib/python3.12/site-packages/sqlalchemy/engine/base.py", line 1910, in _execute_context
    self.dialect.do_execute(
  File "/home/airflow/.local/lib/python3.12/site-packages/sqlalchemy/engine/default.py", line 736, in do_execute
    cursor.execute(statement, parameters)
sqlalchemy.exc.ProgrammingError: (psycopg2.ProgrammingError) can't adapt type 'PosixPath'
[SQL: DELETE FROM xcom WHERE xcom.key = %(key_1)s AND xcom.run_id = %(run_id_1)s AND xcom.task_id = %(task_id_1)s AND xcom.dag_id = %(dag_id_1)s AND xcom.map_index = %(map_index_1)s]
[parameters: {'key_1': PosixPath('/opt/airflow/data/silver'), 'run_id_1': 'manual__2026-05-27T09:33:26.337761+00:00', 'task_id_1': 'silver_transform', 'dag_id_1': 'flight_ops_medallion_pipeline', 'map_index_1': -1}]
(Background on this error at: https://sqlalche.me/e/14/f405)
[2026-05-27T09:33:42.001+0000] {taskinstance.py:1206} INFO - Marking task as FAILED. dag_id=flight_ops_medallion_pipeline, task_id=silver_transform, run_id=manual__2026-05-27T09:33:26.337761+00:00, execution_date=20260527T093326, start_date=20260527T093341, end_date=20260527T093341
[2026-05-27T09:33:42.020+0000] {standard_task_runner.py:110} ERROR - Failed to execute job 35 for task silver_transform ((psycopg2.ProgrammingError) can't adapt type 'PosixPath'
[SQL: DELETE FROM xcom WHERE xcom.key = %(key_1)s AND xcom.run_id = %(run_id_1)s AND xcom.task_id = %(task_id_1)s AND xcom.dag_id = %(dag_id_1)s AND xcom.map_index = %(map_index_1)s]
[parameters: {'key_1': PosixPath('/opt/airflow/data/silver'), 'run_id_1': 'manual__2026-05-27T09:33:26.337761+00:00', 'task_id_1': 'silver_transform', 'dag_id_1': 'flight_ops_medallion_pipeline', 'map_index_1': -1}]
(Background on this error at: https://sqlalche.me/e/14/f405); 236)
[2026-05-27T09:33:42.039+0000] {local_task_job_runner.py:243} INFO - Task exited with return code 1
[2026-05-27T09:33:42.074+0000] {taskinstance.py:3503} INFO - 0 downstream tasks scheduled from follow-on schedule check
[2026-05-27T09:33:42.080+0000] {local_task_job_runner.py:222} INFO - ::endgroup::
