[2026-05-27T11:33:54.752+0000] {local_task_job_runner.py:120} INFO - ::group::Pre task execution logs
[2026-05-27T11:33:54.800+0000] {taskinstance.py:2076} INFO - Dependencies all met for dep_context=non-requeueable deps ti=<TaskInstance: flight_ops_medallion_pipeline.load_gold_to_snowflake manual__2026-05-27T11:33:21.550137+00:00 [queued]>
[2026-05-27T11:33:54.812+0000] {taskinstance.py:2076} INFO - Dependencies all met for dep_context=requeueable deps ti=<TaskInstance: flight_ops_medallion_pipeline.load_gold_to_snowflake manual__2026-05-27T11:33:21.550137+00:00 [queued]>
[2026-05-27T11:33:54.814+0000] {taskinstance.py:2306} INFO - Starting attempt 1 of 1
[2026-05-27T11:33:54.835+0000] {taskinstance.py:2330} INFO - Executing <Task(PythonOperator): load_gold_to_snowflake> on 2026-05-27 11:33:21.550137+00:00
[2026-05-27T11:33:54.853+0000] {standard_task_runner.py:90} INFO - Running: ['***', 'tasks', 'run', 'flight_ops_medallion_pipeline', 'load_gold_to_snowflake', 'manual__2026-05-27T11:33:21.550137+00:00', '--job-id', '84', '--raw', '--subdir', 'DAGS_FOLDER/flight_pipeline.py', '--cfg-path', '/tmp/tmpernwakv1']
[2026-05-27T11:33:54.859+0000] {standard_task_runner.py:91} INFO - Job 84: Subtask load_gold_to_snowflake
[2026-05-27T11:33:54.860+0000] {logging_mixin.py:188} WARNING - /home/***/.local/lib/python3.12/site-packages/***/task/task_runner/standard_task_runner.py:62 DeprecationWarning: This process (pid=1604) is multi-threaded, use of fork() may lead to deadlocks in the child.
[2026-05-27T11:33:54.861+0000] {standard_task_runner.py:64} INFO - Started process 1622 to run task
[2026-05-27T11:33:54.966+0000] {task_command.py:426} INFO - Running <TaskInstance: flight_ops_medallion_pipeline.load_gold_to_snowflake manual__2026-05-27T11:33:21.550137+00:00 [running]> on host f59e62180610
[2026-05-27T11:33:55.159+0000] {taskinstance.py:2648} INFO - Exporting env vars: AIRFLOW_CTX_DAG_OWNER='***' AIRFLOW_CTX_DAG_ID='flight_ops_medallion_pipeline' AIRFLOW_CTX_TASK_ID='load_gold_to_snowflake' AIRFLOW_CTX_EXECUTION_DATE='2026-05-27T11:33:21.550137+00:00' AIRFLOW_CTX_TRY_NUMBER='1' AIRFLOW_CTX_DAG_RUN_ID='manual__2026-05-27T11:33:21.550137+00:00'
[2026-05-27T11:33:55.172+0000] {taskinstance.py:430} INFO - ::endgroup::
[2026-05-27T11:33:55.221+0000] {taskinstance.py:441} INFO - ::group::Post task execution logs
[2026-05-27T11:33:55.223+0000] {taskinstance.py:2905} ERROR - Task failed with exception
Traceback (most recent call last):
  File "/home/airflow/.local/lib/python3.12/site-packages/airflow/models/taskinstance.py", line 465, in _execute_task
    result = _execute_callable(context=context, **execute_callable_kwargs)
             ^^^^^^^^^^^^^^^^^^^^^^^^^^^^^^^^^^^^^^^^^^^^^^^^^^^^^^^^^^^^^
  File "/home/airflow/.local/lib/python3.12/site-packages/airflow/models/taskinstance.py", line 432, in _execute_callable
    return execute_callable(context=context, **execute_callable_kwargs)
           ^^^^^^^^^^^^^^^^^^^^^^^^^^^^^^^^^^^^^^^^^^^^^^^^^^^^^^^^^^^^
  File "/home/airflow/.local/lib/python3.12/site-packages/airflow/models/baseoperator.py", line 401, in wrapper
    return func(self, *args, **kwargs)
           ^^^^^^^^^^^^^^^^^^^^^^^^^^^
  File "/home/airflow/.local/lib/python3.12/site-packages/airflow/operators/python.py", line 235, in execute
    return_value = self.execute_callable()
                   ^^^^^^^^^^^^^^^^^^^^^^^
  File "/home/airflow/.local/lib/python3.12/site-packages/airflow/operators/python.py", line 252, in execute_callable
    return self.python_callable(*self.op_args, **self.op_kwargs)
           ^^^^^^^^^^^^^^^^^^^^^^^^^^^^^^^^^^^^^^^^^^^^^^^^^^^^^
  File "/opt/airflow/scripts/load_gold_to_snowflake.py", line 9, in load_gold_to_snowflake
    raise ValueError("gold file is not present")
ValueError: gold file is not present
[2026-05-27T11:33:55.246+0000] {taskinstance.py:1206} INFO - Marking task as FAILED. dag_id=flight_ops_medallion_pipeline, task_id=load_gold_to_snowflake, run_id=manual__2026-05-27T11:33:21.550137+00:00, execution_date=20260527T113321, start_date=20260527T113354, end_date=20260527T113355
[2026-05-27T11:33:55.264+0000] {standard_task_runner.py:110} ERROR - Failed to execute job 84 for task load_gold_to_snowflake (gold file is not present; 1622)
[2026-05-27T11:33:55.278+0000] {local_task_job_runner.py:243} INFO - Task exited with return code 1
[2026-05-27T11:33:55.308+0000] {taskinstance.py:3503} INFO - 0 downstream tasks scheduled from follow-on schedule check
[2026-05-27T11:33:55.310+0000] {local_task_job_runner.py:222} INFO - ::endgroup::
