[2026-05-27T09:29:26.109+0000] {local_task_job_runner.py:120} INFO - ::group::Pre task execution logs
[2026-05-27T09:29:26.160+0000] {taskinstance.py:2076} INFO - Dependencies all met for dep_context=non-requeueable deps ti=<TaskInstance: flight_ops_medallion_pipeline.silver_transform manual__2026-05-27T09:29:12.226103+00:00 [queued]>
[2026-05-27T09:29:26.169+0000] {taskinstance.py:2076} INFO - Dependencies all met for dep_context=requeueable deps ti=<TaskInstance: flight_ops_medallion_pipeline.silver_transform manual__2026-05-27T09:29:12.226103+00:00 [queued]>
[2026-05-27T09:29:26.171+0000] {taskinstance.py:2306} INFO - Starting attempt 1 of 1
[2026-05-27T09:29:26.183+0000] {taskinstance.py:2330} INFO - Executing <Task(PythonOperator): silver_transform> on 2026-05-27 09:29:12.226103+00:00
[2026-05-27T09:29:26.196+0000] {standard_task_runner.py:90} INFO - Running: ['***', 'tasks', 'run', 'flight_ops_medallion_pipeline', 'silver_transform', 'manual__2026-05-27T09:29:12.226103+00:00', '--job-id', '27', '--raw', '--subdir', 'DAGS_FOLDER/flight_pipeline.py', '--cfg-path', '/tmp/tmp1hnr9wcg']
[2026-05-27T09:29:26.203+0000] {standard_task_runner.py:91} INFO - Job 27: Subtask silver_transform
[2026-05-27T09:29:26.206+0000] {logging_mixin.py:188} WARNING - /home/***/.local/lib/python3.12/site-packages/***/task/task_runner/standard_task_runner.py:62 DeprecationWarning: This process (pid=59) is multi-threaded, use of fork() may lead to deadlocks in the child.
[2026-05-27T09:29:26.208+0000] {standard_task_runner.py:64} INFO - Started process 76 to run task
[2026-05-27T09:29:26.299+0000] {task_command.py:426} INFO - Running <TaskInstance: flight_ops_medallion_pipeline.silver_transform manual__2026-05-27T09:29:12.226103+00:00 [running]> on host f59e62180610
[2026-05-27T09:29:26.468+0000] {taskinstance.py:2648} INFO - Exporting env vars: AIRFLOW_CTX_DAG_OWNER='***' AIRFLOW_CTX_DAG_ID='flight_ops_medallion_pipeline' AIRFLOW_CTX_TASK_ID='silver_transform' AIRFLOW_CTX_EXECUTION_DATE='2026-05-27T09:29:12.226103+00:00' AIRFLOW_CTX_TRY_NUMBER='1' AIRFLOW_CTX_DAG_RUN_ID='manual__2026-05-27T09:29:12.226103+00:00'
[2026-05-27T09:29:26.470+0000] {taskinstance.py:430} INFO - ::endgroup::
[2026-05-27T09:29:26.529+0000] {taskinstance.py:441} INFO - ::group::Post task execution logs
[2026-05-27T09:29:26.530+0000] {taskinstance.py:2905} ERROR - Task failed with exception
Traceback (most recent call last):
  File "/home/airflow/.local/lib/python3.12/site-packages/airflow/models/taskinstance.py", line 465, in _execute_task
    result = _execute_callable(context=context, **execute_callable_kwargs)
             ^^^^^^^^^^^^^^^^^^^^^^^^^^^^^^^^^^^^^^^^^^^^^^^^^^^^^^^^^^^^^
  File "/home/airflow/.local/lib/python3.12/site-packages/airflow/models/taskinstance.py", line 432, in _execute_callable
    return execute_callable(context=context, **execute_callable_kwargs)
           ^^^^^^^^^^^^^^^^^^^^^^^^^^^^^^^^^^^^^^^^^^^^^^^^^^^^^^^^^^^^
  File "/home/airflow/.local/lib/python3.12/site-packages/airflow/models/baseoperator.py", line 401, in wrapper
    return func(self, *args, **kwargs)
           ^^^^^^^^^^^^^^^^^^^^^^^^^^^
  File "/home/airflow/.local/lib/python3.12/site-packages/airflow/operators/python.py", line 235, in execute
    return_value = self.execute_callable()
                   ^^^^^^^^^^^^^^^^^^^^^^^
  File "/home/airflow/.local/lib/python3.12/site-packages/airflow/operators/python.py", line 252, in execute_callable
    return self.python_callable(*self.op_args, **self.op_kwargs)
           ^^^^^^^^^^^^^^^^^^^^^^^^^^^^^^^^^^^^^^^^^^^^^^^^^^^^^
  File "/opt/airflow/scripts/silver_transform.py", line 13, in run_silver_transform
    silver_path.mkdir(parent=True, exist_ok=True)
TypeError: Path.mkdir() got an unexpected keyword argument 'parent'
[2026-05-27T09:29:26.559+0000] {taskinstance.py:1206} INFO - Marking task as FAILED. dag_id=flight_ops_medallion_pipeline, task_id=silver_transform, run_id=manual__2026-05-27T09:29:12.226103+00:00, execution_date=20260527T092912, start_date=20260527T092926, end_date=20260527T092926
[2026-05-27T09:29:26.576+0000] {standard_task_runner.py:110} ERROR - Failed to execute job 27 for task silver_transform (Path.mkdir() got an unexpected keyword argument 'parent'; 76)
[2026-05-27T09:29:26.585+0000] {local_task_job_runner.py:243} INFO - Task exited with return code 1
[2026-05-27T09:29:26.604+0000] {taskinstance.py:3503} INFO - 0 downstream tasks scheduled from follow-on schedule check
[2026-05-27T09:29:26.608+0000] {local_task_job_runner.py:222} INFO - ::endgroup::
